<?xml version="1.0" encoding="UTF-8"?>
<!-- Generated by org.testng.reporters.JUnitReportReporter -->
<testsuite hostname="DESKTOP-S7VGT8L" failures="0" tests="4" name="com.shoecarnival.testcases.shoe_carnival" time="215.818" errors="0" timestamp="2023-09-09T12:40:33 IST" skipped="0">
  <testcase classname="com.shoecarnival.testcases.shoe_carnival" name="shoecarnival" time="79.261"/>
  <testcase classname="com.shoecarnival.testcases.shoe_carnival" name="shoecarnival" time="79.679"/>
  <testcase classname="com.shoecarnival.testcases.shoe_carnival" name="PagenoNavigationChecker" time="10.192"/>
  <testcase classname="com.shoecarnival.testcases.shoe_carnival" name="ProductRatingChecker" time="46.686"/>
</testsuite> <!-- com.shoecarnival.testcases.shoe_carnival -->
